Arguments: 
  /home/ebens/.nvm/versions/node/v18.18.2/bin/node /usr/share/yarn/bin/yarn.js add optinator

PATH: 
  /home/ebens/.vscode-server/bin/1a5daa3a0231a0fbba4f14db7ec463cf99d7768e/bin/remote-cli:/home/ebens/.rvm/gems/ruby-2.6.6/bin:/home/ebens/.rvm/gems/ruby-2.6.6@global/bin:/home/ebens/.rvm/rubies/ruby-2.6.6/bin:/home/ebens/.local/bin:/home/ebens/.nvm/versions/node/v18.18.2/bin:/usr/local/sbin:/usr/local/bin:/usr/sbin:/usr/bin:/sbin:/bin:/usr/games:/usr/local/games:/usr/lib/wsl/lib:/mnt/c/Program Files (x86)/Common Files/Oracle/Java/javapath:/mnt/c/WINDOWS/system32:/mnt/c/WINDOWS:/mnt/c/WINDOWS/System32/Wbem:/mnt/c/WINDOWS/System32/WindowsPowerShell/v1.0/:/mnt/c/WINDOWS/System32/OpenSSH/:/mnt/c/Program Files/Git/cmd:/mnt/c/Program Files/Docker/Docker/resources/bin:/mnt/c/ProgramData/DockerDesktop/version-bin:/mnt/c/Program Files/platform-tools:/mnt/c/Program Files/dotnet/:/mnt/c/Users/tomas/AppData/Local/Programs/Python/Python38/Scripts/:/mnt/c/Users/tomas/AppData/Local/Programs/Python/Python38/:/mnt/c/Users/tomas/AppData/Local/Microsoft/WindowsApps:/mnt/c/Users/tomas/AppData/Local/Programs/Microsoft VS Code/bin:/mnt/c/Users/tomas/AppData/Local/GitHubDesktop/bin:/mnt/c/ProgramData/tomas/GitHubDesktop/bin:/mnt/c/Users/tomas/.dotnet/tools:/snap/bin:/home/ebens/.rvm/bin:/home/ebens/.rvm/bin:/home/ebens/.rvm/bin

Yarn version: 
  1.22.19

Node version: 
  18.18.2

Platform: 
  linux x64

Trace: 
  Error: https://registry.yarnpkg.com/optinator: Not found
      at params.callback [as _callback] (/usr/share/yarn/lib/cli.js:66145:18)
      at self.callback (/usr/share/yarn/lib/cli.js:140890:22)
      at Request.emit (node:events:517:28)
      at Request.<anonymous> (/usr/share/yarn/lib/cli.js:141862:10)
      at Request.emit (node:events:517:28)
      at IncomingMessage.<anonymous> (/usr/share/yarn/lib/cli.js:141784:12)
      at Object.onceWrapper (node:events:631:28)
      at IncomingMessage.emit (node:events:529:35)
      at endReadableNT (node:internal/streams/readable:1368:12)
      at process.processTicksAndRejections (node:internal/process/task_queues:82:21)

npm manifest: 
  {
    "name": "webReact",
    "version": "1.0.0",
    "main": "index.js",
    "repository": "https://github.com/IIC2513/grupo_Chatgepeteros_frontend.git",
    "author": "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 <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>",
    "license": "MIT",
    "dependencies": {
      "react-router-dom": "^6.15.0"
    }
  }

yarn manifest: 
  No manifest

Lockfile: 
  # THIS IS AN AUTOGENERATED FILE. DO NOT EDIT THIS FILE DIRECTLY.
  # yarn lockfile v1
  
  
  "@remix-run/router@1.8.0":
    version "1.8.0"
    resolved "https://registry.yarnpkg.com/@remix-run/router/-/router-1.8.0.tgz#e848d2f669f601544df15ce2a313955e4bf0bafc"
    integrity sha512-mrfKqIHnSZRyIzBcanNJmVQELTnX+qagEDlcKO90RgRBVOZGSGvZKeDihTRfWcqoDn5N/NkUcwWTccnpN18Tfg==
  
  react-router-dom@^6.15.0:
    version "6.15.0"
    resolved "https://registry.yarnpkg.com/react-router-dom/-/react-router-dom-6.15.0.tgz#6da7db61e56797266fbbef0d5e324d6ac443ee40"
    integrity sha512-aR42t0fs7brintwBGAv2+mGlCtgtFQeOzK0BM1/OiqEzRejOZtpMZepvgkscpMUnKb8YO84G7s3LsHnnDNonbQ==
    dependencies:
      "@remix-run/router" "1.8.0"
      react-router "6.15.0"
  
  react-router@6.15.0:
    version "6.15.0"
    resolved "https://registry.yarnpkg.com/react-router/-/react-router-6.15.0.tgz#bf2cb5a4a7ed57f074d4ea88db0d95033f39cac8"
    integrity sha512-NIytlzvzLwJkCQj2HLefmeakxxWHWAP+02EGqWEZy+DgfHHKQMUoBBjUQLOtFInBMhWtb3hiUy6MfFgwLjXhqg==
    dependencies:
      "@remix-run/router" "1.8.0"
